0 info it worked if it ends with ok
1 verbose cli [ '/home/yhf/.nvm/versions/node/v0.12.7/bin/node',
1 verbose cli   '/home/yhf/.nvm/versions/node/v0.12.7/bin/npm',
1 verbose cli   'run',
1 verbose cli   'dev' ]
2 info using npm@2.11.3
3 info using node@v0.12.7
4 verbose run-script [ 'predev', 'dev', 'postdev' ]
5 info predev ad-project@1.0.0
6 info dev ad-project@1.0.0
7 verbose unsafe-perm in lifecycle true
8 info ad-project@1.0.0 Failed to exec dev script
9 verbose stack Error: ad-project@1.0.0 dev: `webpack server --progress --config config/webpack.dev.config.js`
9 verbose stack Exit status 1
9 verbose stack     at EventEmitter.<anonymous> (/home/yhf/.nvm/versions/node/v0.12.7/lib/node_modules/npm/lib/utils/lifecycle.js:213:16)
9 verbose stack     at EventEmitter.emit (events.js:110:17)
9 verbose stack     at ChildProcess.<anonymous> (/home/yhf/.nvm/versions/node/v0.12.7/lib/node_modules/npm/lib/utils/spawn.js:24:14)
9 verbose stack     at ChildProcess.emit (events.js:110:17)
9 verbose stack     at maybeClose (child_process.js:1015:16)
9 verbose stack     at Process.ChildProcess._handle.onexit (child_process.js:1087:5)
10 verbose pkgid ad-project@1.0.0
11 verbose cwd /home/yhf/GitHub/AD-PROJECT
12 error Linux 5.10.102.1-microsoft-standard-WSL2
13 error argv "/home/yhf/.nvm/versions/node/v0.12.7/bin/node" "/home/yhf/.nvm/versions/node/v0.12.7/bin/npm" "run" "dev"
14 error node v0.12.7
15 error npm  v2.11.3
16 error code ELIFECYCLE
17 error ad-project@1.0.0 dev: `webpack server --progress --config config/webpack.dev.config.js`
17 error Exit status 1
18 error Failed at the ad-project@1.0.0 dev script 'webpack server --progress --config config/webpack.dev.config.js'.
18 error This is most likely a problem with the ad-project package,
18 error not with npm itself.
18 error Tell the author that this fails on your system:
18 error     webpack server --progress --config config/webpack.dev.config.js
18 error You can get their info via:
18 error     npm owner ls ad-project
18 error There is likely additional logging output above.
19 verbose exit [ 1, true ]
